/home/jliu6/anaconda3/envs/paimg1/lib/python3.11/site-packages/torchvision/io/image.py:13: UserWarning: Failed to load image Python extension: '/home/jliu6/anaconda3/envs/paimg1/lib/python3.11/site-packages/torchvision/image.so: undefined symbol: _ZN5torch3jit17parseSchemaOrNameERKSs'If you don't plan on using image functionality from `torchvision.io`, you can ignore this warning. Otherwise, there might be something wrong with your environment. Did you have `libjpeg` or `libpng` installed before building `torchvision` from source?
  warn(
/fh/scratch/delete90/etzioni_r/lucas_l/michael_project/img2/data/OPX/OPX_102.tif
detecting tissue
starting inference
post-processing
/fh/scratch/delete90/etzioni_r/lucas_l/michael_project/img2/data/OPX/OPX_103.tif
detecting tissue
starting inference
post-processing
/fh/scratch/delete90/etzioni_r/lucas_l/michael_project/img2/data/OPX/OPX_104.tif
detecting tissue
starting inference
post-processing
/fh/scratch/delete90/etzioni_r/lucas_l/michael_project/img2/data/OPX/OPX_105.tif
detecting tissue
starting inference
post-processing
/fh/scratch/delete90/etzioni_r/lucas_l/michael_project/img2/data/OPX/OPX_106.tif
detecting tissue
starting inference
post-processing
/fh/scratch/delete90/etzioni_r/lucas_l/michael_project/img2/data/OPX/OPX_107.tif
detecting tissue
starting inference
post-processing
/fh/scratch/delete90/etzioni_r/lucas_l/michael_project/img2/data/OPX/OPX_108.tif
detecting tissue
starting inference
post-processing
/fh/scratch/delete90/etzioni_r/lucas_l/michael_project/img2/data/OPX/OPX_109.tif
detecting tissue
starting inference
post-processing
/fh/scratch/delete90/etzioni_r/lucas_l/michael_project/img2/data/OPX/OPX_110.tif
detecting tissue
starting inference
post-processing
/fh/scratch/delete90/etzioni_r/lucas_l/michael_project/img2/data/OPX/OPX_111.tif
detecting tissue
starting inference
post-processing
/fh/scratch/delete90/etzioni_r/lucas_l/michael_project/img2/data/OPX/OPX_112.tif
detecting tissue
starting inference
post-processing
/fh/scratch/delete90/etzioni_r/lucas_l/michael_project/img2/data/OPX/OPX_113.tif
detecting tissue
starting inference
post-processing
/fh/scratch/delete90/etzioni_r/lucas_l/michael_project/img2/data/OPX/OPX_114.tif
detecting tissue
starting inference
post-processing
/fh/scratch/delete90/etzioni_r/lucas_l/michael_project/img2/data/OPX/OPX_115.tif
detecting tissue
starting inference
post-processing
/fh/scratch/delete90/etzioni_r/lucas_l/michael_project/img2/data/OPX/OPX_116.tif
detecting tissue
starting inference
post-processing
/fh/scratch/delete90/etzioni_r/lucas_l/michael_project/img2/data/OPX/OPX_117.tif
detecting tissue
starting inference
post-processing
/fh/scratch/delete90/etzioni_r/lucas_l/michael_project/img2/data/OPX/OPX_118.tif
detecting tissue
starting inference
post-processing
/fh/scratch/delete90/etzioni_r/lucas_l/michael_project/img2/data/OPX/OPX_119.tif
detecting tissue
starting inference
post-processing
/fh/scratch/delete90/etzioni_r/lucas_l/michael_project/img2/data/OPX/OPX_120.tif
detecting tissue
starting inference
post-processing
/fh/scratch/delete90/etzioni_r/lucas_l/michael_project/img2/data/OPX/OPX_121.tif
detecting tissue
starting inference
post-processing
/fh/scratch/delete90/etzioni_r/lucas_l/michael_project/img2/data/OPX/OPX_122.tif
detecting tissue
starting inference
post-processing
/fh/scratch/delete90/etzioni_r/lucas_l/michael_project/img2/data/OPX/OPX_123.tif
detecting tissue
starting inference
post-processing
/fh/scratch/delete90/etzioni_r/lucas_l/michael_project/img2/data/OPX/OPX_124.tif
detecting tissue
starting inference
post-processing
/fh/scratch/delete90/etzioni_r/lucas_l/michael_project/img2/data/OPX/OPX_125.tif
detecting tissue
starting inference
post-processing
/fh/scratch/delete90/etzioni_r/lucas_l/michael_project/img2/data/OPX/OPX_126.tif
detecting tissue
Traceback (most recent call last):
  File "/fh/scratch/delete90/etzioni_r/lucas_l/michael_project/img2/code_s/cancer_detection/wsi_inference_prob-map_json100and2.py", line 343, in <module>
    c.parseMeta_and_pullTiles(flist=nprossessed_flist)
  File "/fh/scratch/delete90/etzioni_r/lucas_l/michael_project/img2/code_s/cancer_detection/wsi_inference_prob-map_json100and2.py", line 80, in parseMeta_and_pullTiles
    tissue, he_mask = self.do_mask(lvl_img,lvl_resize)
                      ^^^^^^^^^^^^^^^^^^^^^^^^^^^^^^^^
  File "/fh/scratch/delete90/etzioni_r/lucas_l/michael_project/img2/code_s/cancer_detection/wsi_inference_prob-map_json100and2.py", line 196, in do_mask
    tissue = unary_union(polygons)
             ^^^^^^^^^^^^^^^^^^^^^
  File "/home/jliu6/anaconda3/envs/paimg1/lib/python3.11/site-packages/shapely/ops.py", line 135, in unary_union
    return shapely.union_all(geoms, axis=None)
           ^^^^^^^^^^^^^^^^^^^^^^^^^^^^^^^^^^^
  File "/home/jliu6/anaconda3/envs/paimg1/lib/python3.11/site-packages/shapely/decorators.py", line 77, in wrapped
    return func(*args, **kwargs)
           ^^^^^^^^^^^^^^^^^^^^^
  File "/home/jliu6/anaconda3/envs/paimg1/lib/python3.11/site-packages/shapely/set_operations.py", line 419, in union_all
    return lib.unary_union(collections, **kwargs)
           ^^^^^^^^^^^^^^^^^^^^^^^^^^^^^^^^^^^^^^
shapely.errors.GEOSException: TopologyException: unable to assign free hole to a shell at 0 150524
